[2025-12-05 21:14:52Z INFO HostContext] No proxy settings were found based on environmental variables (http_proxy/https_proxy/HTTP_PROXY/HTTPS_PROXY)
[2025-12-05 21:14:52Z INFO HostContext] Well known directory 'Bin': '/home/saya/ansible-food/bin'
[2025-12-05 21:14:52Z INFO HostContext] Well known directory 'Root': '/home/saya/ansible-food'
[2025-12-05 21:14:52Z INFO HostContext] Well known config file 'Credentials': '/home/saya/ansible-food/.credentials'
[2025-12-05 21:14:52Z INFO HostContext] Well known directory 'Bin': '/home/saya/ansible-food/bin'
[2025-12-05 21:14:52Z INFO HostContext] Well known directory 'Root': '/home/saya/ansible-food'
[2025-12-05 21:14:52Z INFO HostContext] Well known config file 'Runner': '/home/saya/ansible-food/.runner'
[2025-12-05 21:14:52Z INFO Listener] Runner is built for Linux (X64) - linux-x64.
[2025-12-05 21:14:52Z INFO Listener] RuntimeInformation: Ubuntu 24.04.3 LTS.
[2025-12-05 21:14:52Z INFO Listener] Version: 2.329.0
[2025-12-05 21:14:52Z INFO Listener] Commit: c76c59996c8fa32e989164a5a695efb12608ae5a
[2025-12-05 21:14:52Z INFO Listener] Culture: ru-RU
[2025-12-05 21:14:52Z INFO Listener] UI Culture: ru-RU
[2025-12-05 21:14:52Z INFO HostContext] Well known directory 'Bin': '/home/saya/ansible-food/bin'
[2025-12-05 21:14:52Z INFO HostContext] Well known directory 'Root': '/home/saya/ansible-food'
[2025-12-05 21:14:52Z INFO Listener] Validating directory permissions for: '/home/saya/ansible-food'
[2025-12-05 21:14:52Z INFO CommandLineParser] Parse
[2025-12-05 21:14:52Z INFO CommandLineParser] Parsing 1 args
[2025-12-05 21:14:52Z INFO CommandLineParser] parsing argument
[2025-12-05 21:14:52Z INFO CommandLineParser] HasArgs: False
[2025-12-05 21:14:52Z INFO CommandLineParser] Adding Command: run
[2025-12-05 21:14:52Z INFO Listener] Arguments parsed
[2025-12-05 21:14:52Z INFO Runner] ExecuteCommand
[2025-12-05 21:14:52Z INFO ConfigurationStore] currentAssemblyLocation: /home/saya/ansible-food/bin/Runner.Listener.dll
[2025-12-05 21:14:52Z INFO HostContext] Well known directory 'Bin': '/home/saya/ansible-food/bin'
[2025-12-05 21:14:52Z INFO ConfigurationStore] binPath: /home/saya/ansible-food/bin
[2025-12-05 21:14:52Z INFO HostContext] Well known directory 'Bin': '/home/saya/ansible-food/bin'
[2025-12-05 21:14:52Z INFO HostContext] Well known directory 'Root': '/home/saya/ansible-food'
[2025-12-05 21:14:52Z INFO ConfigurationStore] RootFolder: /home/saya/ansible-food
[2025-12-05 21:14:52Z INFO HostContext] Well known directory 'Bin': '/home/saya/ansible-food/bin'
[2025-12-05 21:14:52Z INFO HostContext] Well known directory 'Root': '/home/saya/ansible-food'
[2025-12-05 21:14:52Z INFO HostContext] Well known config file 'Runner': '/home/saya/ansible-food/.runner'
[2025-12-05 21:14:52Z INFO ConfigurationStore] ConfigFilePath: /home/saya/ansible-food/.runner
[2025-12-05 21:14:52Z INFO HostContext] Well known directory 'Bin': '/home/saya/ansible-food/bin'
[2025-12-05 21:14:52Z INFO HostContext] Well known directory 'Root': '/home/saya/ansible-food'
[2025-12-05 21:14:52Z INFO HostContext] Well known config file 'MigratedRunner': '/home/saya/ansible-food/.runner_migrated'
[2025-12-05 21:14:52Z INFO ConfigurationStore] MigratedConfigFilePath: /home/saya/ansible-food/.runner_migrated
[2025-12-05 21:14:52Z INFO HostContext] Well known directory 'Bin': '/home/saya/ansible-food/bin'
[2025-12-05 21:14:52Z INFO HostContext] Well known directory 'Root': '/home/saya/ansible-food'
[2025-12-05 21:14:52Z INFO HostContext] Well known config file 'Credentials': '/home/saya/ansible-food/.credentials'
[2025-12-05 21:14:52Z INFO ConfigurationStore] CredFilePath: /home/saya/ansible-food/.credentials
[2025-12-05 21:14:52Z INFO HostContext] Well known directory 'Bin': '/home/saya/ansible-food/bin'
[2025-12-05 21:14:52Z INFO HostContext] Well known directory 'Root': '/home/saya/ansible-food'
[2025-12-05 21:14:52Z INFO HostContext] Well known config file 'MigratedCredentials': '/home/saya/ansible-food/.credentials_migrated'
[2025-12-05 21:14:52Z INFO ConfigurationStore] MigratedCredFilePath: /home/saya/ansible-food/.credentials_migrated
[2025-12-05 21:14:52Z INFO HostContext] Well known directory 'Bin': '/home/saya/ansible-food/bin'
[2025-12-05 21:14:52Z INFO HostContext] Well known directory 'Root': '/home/saya/ansible-food'
[2025-12-05 21:14:52Z INFO HostContext] Well known config file 'Service': '/home/saya/ansible-food/.service'
[2025-12-05 21:14:52Z INFO ConfigurationStore] ServiceConfigFilePath: /home/saya/ansible-food/.service
[2025-12-05 21:14:52Z INFO CommandSettings] Flag 'help': 'False'
[2025-12-05 21:14:52Z INFO CommandSettings] Flag 'version': 'False'
[2025-12-05 21:14:52Z INFO CommandSettings] Flag 'commit': 'False'
[2025-12-05 21:14:52Z INFO CommandSettings] Flag 'check': 'False'
[2025-12-05 21:14:52Z INFO CommandSettings] Command 'configure': 'False'
[2025-12-05 21:14:52Z INFO CommandSettings] Command 'remove': 'False'
[2025-12-05 21:14:52Z INFO CommandSettings] Command 'warmup': 'False'
[2025-12-05 21:14:52Z INFO ConfigurationManager] LoadSettings
[2025-12-05 21:14:52Z INFO ConfigurationStore] IsConfigured()
[2025-12-05 21:14:52Z INFO ConfigurationStore] IsConfigured: True
[2025-12-05 21:14:52Z INFO ConfigurationManager] Is configured: True
[2025-12-05 21:14:52Z INFO ConfigurationStore] Read setting file: 397 chars
[2025-12-05 21:14:52Z INFO ConfigurationManager] Settings Loaded
[2025-12-05 21:14:52Z INFO ConfigurationStore] IsServiceConfigured()
[2025-12-05 21:14:52Z INFO ConfigurationStore] IsServiceConfigured: False
[2025-12-05 21:14:52Z INFO CommandSettings] Command 'run': 'True'
[2025-12-05 21:14:52Z INFO ConfigurationStore] IsConfigured()
[2025-12-05 21:14:52Z INFO ConfigurationStore] IsConfigured: True
[2025-12-05 21:14:52Z INFO ConfigurationManager] Is configured: True
[2025-12-05 21:14:52Z INFO Runner] Could not parse the argument value '' for StartupType. Defaulting to Manual
[2025-12-05 21:14:52Z INFO Runner] Set runner startup type - Manual
[2025-12-05 21:14:52Z INFO CommandSettings] Flag 'once': 'False'
[2025-12-05 21:14:52Z INFO CommandSettings] Flag 'once': 'False'
[2025-12-05 21:14:52Z INFO Runner] RunAsync
[2025-12-05 21:14:52Z INFO ConfigurationManager] LoadMigratedSettings
[2025-12-05 21:14:52Z INFO ConfigurationStore] IsMigratedConfigured()
[2025-12-05 21:14:52Z INFO ConfigurationStore] IsMigratedConfigured: False
[2025-12-05 21:14:52Z INFO Runner] Failed to load migrated settings: No migrated configuration found.
[2025-12-05 21:14:52Z INFO Runner] Falling back to original .runner settings
[2025-12-05 21:14:52Z INFO Runner] Using BrokerMessageListener
[2025-12-05 21:14:52Z INFO BrokerMessageListener] Using provided settings
[2025-12-05 21:14:52Z INFO BrokerMessageListener] {
  "AgentId": 21,
  "AgentName": "saya-VirtualBox",
  "PoolId": 1,
  "PoolName": "Default",
  "ServerUrl": "https://pipelinesghubeus6.actions.githubusercontent.com/js5p0STc4RtT27Ng3fZLyFyj3Ga0s0m1zBBqa2P6E24s6EZmc0/",
  "GitHubUrl": "https://github.com/Saayyaaaa/Linux-SIS5-Ansible",
  "WorkFolder": "_work",
  "UseV2Flow": true,
  "ServerUrlV2": "https://broker.actions.githubusercontent.com/"
}
[2025-12-05 21:14:52Z INFO BrokerMessageListener] Loading Credentials
[2025-12-05 21:14:52Z INFO ConfigurationStore] HasCredentials()
[2025-12-05 21:14:52Z INFO ConfigurationStore] stored True
[2025-12-05 21:14:52Z INFO CredentialManager] GetCredentialProvider
[2025-12-05 21:14:52Z INFO CredentialManager] Creating type OAuth
[2025-12-05 21:14:52Z INFO CredentialManager] Creating credential type: OAuth
[2025-12-05 21:14:52Z INFO HostContext] Well known directory 'Bin': '/home/saya/ansible-food/bin'
[2025-12-05 21:14:52Z INFO HostContext] Well known directory 'Root': '/home/saya/ansible-food'
[2025-12-05 21:14:52Z INFO HostContext] Well known config file 'RSACredentials': '/home/saya/ansible-food/.credentials_rsaparams'
[2025-12-05 21:14:52Z INFO RSAFileKeyManager] Loading RSA key parameters from file /home/saya/ansible-food/.credentials_rsaparams
[2025-12-05 21:14:52Z INFO BrokerMessageListener] Attempt to create session.
[2025-12-05 21:14:52Z INFO BrokerMessageListener] Connecting to the Broker Server...
[2025-12-05 21:14:52Z INFO ConfigurationStore] HasCredentials()
[2025-12-05 21:14:52Z INFO ConfigurationStore] stored True
[2025-12-05 21:14:52Z INFO CredentialManager] GetCredentialProvider
[2025-12-05 21:14:52Z INFO CredentialManager] Creating type OAuth
[2025-12-05 21:14:52Z INFO CredentialManager] Creating credential type: OAuth
[2025-12-05 21:14:52Z INFO RSAFileKeyManager] Loading RSA key parameters from file /home/saya/ansible-food/.credentials_rsaparams
[2025-12-05 21:14:52Z INFO BrokerMessageListener] VssConnection created
[2025-12-05 21:14:52Z INFO BrokerMessageListener] Connecting to the Runner server...
[2025-12-05 21:14:52Z INFO RunnerServer] EstablishVssConnection
[2025-12-05 21:14:52Z INFO RunnerServer] Establish connection with 100 seconds timeout.
[2025-12-05 21:14:53Z INFO GitHubActionsService] Starting operation Location.GetConnectionData
[2025-12-05 21:14:53Z INFO RunnerServer] EstablishVssConnection
[2025-12-05 21:14:53Z INFO RunnerServer] Establish connection with 60 seconds timeout.
[2025-12-05 21:14:53Z INFO GitHubActionsService] Starting operation Location.GetConnectionData
[2025-12-05 21:14:53Z INFO RunnerServer] EstablishVssConnection
[2025-12-05 21:14:53Z INFO RunnerServer] Establish connection with 60 seconds timeout.
[2025-12-05 21:14:53Z INFO GitHubActionsService] Starting operation Location.GetConnectionData
[2025-12-05 21:14:54Z INFO GitHubActionsService] Finished operation Location.GetConnectionData
[2025-12-05 21:14:54Z INFO GitHubActionsService] Finished operation Location.GetConnectionData
[2025-12-05 21:14:54Z INFO GitHubActionsService] Finished operation Location.GetConnectionData
[2025-12-05 21:14:54Z INFO BrokerMessageListener] VssConnection created
[2025-12-05 21:14:54Z INFO Terminal] WRITE LINE: 
[2025-12-05 21:14:54Z INFO Terminal] WRITE LINE: 
[2025-12-05 21:14:54Z INFO RSAFileKeyManager] Loading RSA key parameters from file /home/saya/ansible-food/.credentials_rsaparams
[2025-12-05 21:14:54Z INFO RSAFileKeyManager] Loading RSA key parameters from file /home/saya/ansible-food/.credentials_rsaparams
[2025-12-05 21:14:55Z INFO GitHubActionsService] AAD Correlation ID for this token request: Unknown
[2025-12-05 21:14:56Z INFO BrokerMessageListener] Session created.
[2025-12-05 21:14:56Z INFO Terminal] WRITE LINE: Current runner version: '2.329.0'
[2025-12-05 21:14:56Z INFO Terminal] WRITE LINE: 2025-12-05 21:14:56Z: Listening for Jobs
[2025-12-05 21:14:56Z INFO JobDispatcher] Set runner/worker IPC timeout to 30 seconds.
