[2025-12-05 21:14:32Z INFO HostContext] No proxy settings were found based on environmental variables (http_proxy/https_proxy/HTTP_PROXY/HTTPS_PROXY)
[2025-12-05 21:14:32Z INFO HostContext] Well known directory 'Bin': '/home/saya/ansible-food/bin'
[2025-12-05 21:14:32Z INFO HostContext] Well known directory 'Root': '/home/saya/ansible-food'
[2025-12-05 21:14:32Z INFO HostContext] Well known config file 'Credentials': '/home/saya/ansible-food/.credentials'
[2025-12-05 21:14:32Z INFO HostContext] Well known directory 'Bin': '/home/saya/ansible-food/bin'
[2025-12-05 21:14:32Z INFO HostContext] Well known directory 'Root': '/home/saya/ansible-food'
[2025-12-05 21:14:32Z INFO HostContext] Well known config file 'Runner': '/home/saya/ansible-food/.runner'
[2025-12-05 21:14:32Z INFO Listener] Runner is built for Linux (X64) - linux-x64.
[2025-12-05 21:14:32Z INFO Listener] RuntimeInformation: Ubuntu 24.04.3 LTS.
[2025-12-05 21:14:32Z INFO Listener] Version: 2.329.0
[2025-12-05 21:14:32Z INFO Listener] Commit: c76c59996c8fa32e989164a5a695efb12608ae5a
[2025-12-05 21:14:32Z INFO Listener] Culture: ru-RU
[2025-12-05 21:14:32Z INFO Listener] UI Culture: ru-RU
[2025-12-05 21:14:32Z INFO HostContext] Well known directory 'Bin': '/home/saya/ansible-food/bin'
[2025-12-05 21:14:32Z INFO HostContext] Well known directory 'Root': '/home/saya/ansible-food'
[2025-12-05 21:14:32Z INFO Listener] Validating directory permissions for: '/home/saya/ansible-food'
[2025-12-05 21:14:32Z INFO CommandLineParser] Parse
[2025-12-05 21:14:32Z INFO CommandLineParser] Parsing 5 args
[2025-12-05 21:14:32Z INFO CommandLineParser] parsing argument
[2025-12-05 21:14:32Z INFO CommandLineParser] HasArgs: False
[2025-12-05 21:14:32Z INFO CommandLineParser] Adding Command: configure
[2025-12-05 21:14:32Z INFO CommandLineParser] parsing argument
[2025-12-05 21:14:32Z INFO CommandLineParser] HasArgs: True
[2025-12-05 21:14:32Z INFO CommandLineParser] arg: url
[2025-12-05 21:14:32Z INFO CommandLineParser] parsing argument
[2025-12-05 21:14:32Z INFO CommandLineParser] HasArgs: True
[2025-12-05 21:14:32Z INFO CommandLineParser] Adding option 'url': 'https://github.com/Saayyaaaa/Linux-SIS5-Ansible'
[2025-12-05 21:14:32Z INFO CommandLineParser] parsing argument
[2025-12-05 21:14:32Z INFO CommandLineParser] HasArgs: True
[2025-12-05 21:14:32Z INFO CommandLineParser] arg: token
[2025-12-05 21:14:32Z INFO CommandLineParser] parsing argument
[2025-12-05 21:14:32Z INFO CommandLineParser] HasArgs: True
[2025-12-05 21:14:32Z INFO CommandLineParser] Adding option 'token': '***'
[2025-12-05 21:14:32Z INFO Listener] Arguments parsed
[2025-12-05 21:14:32Z INFO Runner] ExecuteCommand
[2025-12-05 21:14:32Z INFO ConfigurationStore] currentAssemblyLocation: /home/saya/ansible-food/bin/Runner.Listener.dll
[2025-12-05 21:14:32Z INFO HostContext] Well known directory 'Bin': '/home/saya/ansible-food/bin'
[2025-12-05 21:14:32Z INFO ConfigurationStore] binPath: /home/saya/ansible-food/bin
[2025-12-05 21:14:32Z INFO HostContext] Well known directory 'Bin': '/home/saya/ansible-food/bin'
[2025-12-05 21:14:32Z INFO HostContext] Well known directory 'Root': '/home/saya/ansible-food'
[2025-12-05 21:14:32Z INFO ConfigurationStore] RootFolder: /home/saya/ansible-food
[2025-12-05 21:14:32Z INFO HostContext] Well known directory 'Bin': '/home/saya/ansible-food/bin'
[2025-12-05 21:14:32Z INFO HostContext] Well known directory 'Root': '/home/saya/ansible-food'
[2025-12-05 21:14:32Z INFO HostContext] Well known config file 'Runner': '/home/saya/ansible-food/.runner'
[2025-12-05 21:14:32Z INFO ConfigurationStore] ConfigFilePath: /home/saya/ansible-food/.runner
[2025-12-05 21:14:32Z INFO HostContext] Well known directory 'Bin': '/home/saya/ansible-food/bin'
[2025-12-05 21:14:32Z INFO HostContext] Well known directory 'Root': '/home/saya/ansible-food'
[2025-12-05 21:14:32Z INFO HostContext] Well known config file 'MigratedRunner': '/home/saya/ansible-food/.runner_migrated'
[2025-12-05 21:14:32Z INFO ConfigurationStore] MigratedConfigFilePath: /home/saya/ansible-food/.runner_migrated
[2025-12-05 21:14:32Z INFO HostContext] Well known directory 'Bin': '/home/saya/ansible-food/bin'
[2025-12-05 21:14:32Z INFO HostContext] Well known directory 'Root': '/home/saya/ansible-food'
[2025-12-05 21:14:32Z INFO HostContext] Well known config file 'Credentials': '/home/saya/ansible-food/.credentials'
[2025-12-05 21:14:32Z INFO ConfigurationStore] CredFilePath: /home/saya/ansible-food/.credentials
[2025-12-05 21:14:32Z INFO HostContext] Well known directory 'Bin': '/home/saya/ansible-food/bin'
[2025-12-05 21:14:32Z INFO HostContext] Well known directory 'Root': '/home/saya/ansible-food'
[2025-12-05 21:14:32Z INFO HostContext] Well known config file 'MigratedCredentials': '/home/saya/ansible-food/.credentials_migrated'
[2025-12-05 21:14:32Z INFO ConfigurationStore] MigratedCredFilePath: /home/saya/ansible-food/.credentials_migrated
[2025-12-05 21:14:32Z INFO HostContext] Well known directory 'Bin': '/home/saya/ansible-food/bin'
[2025-12-05 21:14:32Z INFO HostContext] Well known directory 'Root': '/home/saya/ansible-food'
[2025-12-05 21:14:32Z INFO HostContext] Well known config file 'Service': '/home/saya/ansible-food/.service'
[2025-12-05 21:14:32Z INFO ConfigurationStore] ServiceConfigFilePath: /home/saya/ansible-food/.service
[2025-12-05 21:14:32Z INFO CommandSettings] Flag 'help': 'False'
[2025-12-05 21:14:32Z INFO CommandSettings] Flag 'version': 'False'
[2025-12-05 21:14:32Z INFO CommandSettings] Flag 'commit': 'False'
[2025-12-05 21:14:32Z INFO CommandSettings] Flag 'check': 'False'
[2025-12-05 21:14:32Z INFO CommandSettings] Command 'configure': 'True'
[2025-12-05 21:14:32Z INFO Terminal] WRITE LINE: 
[2025-12-05 21:14:32Z INFO Terminal] WRITE LINE: --------------------------------------------------------------------------------
[2025-12-05 21:14:32Z INFO Terminal] WRITE LINE: |        ____ _ _   _   _       _          _        _   _                      |
[2025-12-05 21:14:32Z INFO Terminal] WRITE LINE: |       / ___(_) |_| | | |_   _| |__      / \   ___| |_(_) ___  _ __  ___      |
[2025-12-05 21:14:32Z INFO Terminal] WRITE LINE: |      | |  _| | __| |_| | | | | '_ \    / _ \ / __| __| |/ _ \| '_ \/ __|     |
[2025-12-05 21:14:32Z INFO Terminal] WRITE LINE: |      | |_| | | |_|  _  | |_| | |_) |  / ___ \ (__| |_| | (_) | | | \__ \     |
[2025-12-05 21:14:32Z INFO Terminal] WRITE LINE: |       \____|_|\__|_| |_|\__,_|_.__/  /_/   \_\___|\__|_|\___/|_| |_|___/     |
[2025-12-05 21:14:32Z INFO Terminal] WRITE LINE: |                                                                              |
[2025-12-05 21:14:32Z INFO Terminal] WRITE: |                       
[2025-12-05 21:14:32Z INFO Terminal] WRITE: Self-hosted runner registration
[2025-12-05 21:14:32Z INFO Terminal] WRITE LINE:                         |
[2025-12-05 21:14:32Z INFO Terminal] WRITE LINE: |                                                                              |
[2025-12-05 21:14:32Z INFO Terminal] WRITE LINE: --------------------------------------------------------------------------------
[2025-12-05 21:14:32Z INFO ConfigurationManager] ConfigureAsync
[2025-12-05 21:14:32Z INFO CommandSettings] Flag 'generateServiceConfig': 'False'
[2025-12-05 21:14:32Z INFO ConfigurationStore] IsConfigured()
[2025-12-05 21:14:32Z INFO ConfigurationStore] IsConfigured: False
[2025-12-05 21:14:32Z INFO ConfigurationManager] Is configured: False
[2025-12-05 21:14:32Z INFO CommandSettings] Arg 'url': 'https://github.com/Saayyaaaa/Linux-SIS5-Ansible'
[2025-12-05 21:14:32Z INFO CommandSettings] Remove url from Arg dictionary.
[2025-12-05 21:14:32Z INFO CommandSettings] Arg 'token': '***'
[2025-12-05 21:14:32Z INFO CommandSettings] Remove token from Arg dictionary.
[2025-12-05 21:14:33Z INFO ConfigurationManager] Http response code: OK from 'POST https://api.github.com/actions/runner-registration' (A492:7751:1FA6D9:1D0908:69334B3A)
[2025-12-05 21:14:33Z INFO ConfigurationManager] Using runner-admin flow: False
[2025-12-05 21:14:33Z INFO ConfigurationManager] cred retrieved via GitHub auth
[2025-12-05 21:14:33Z INFO RunnerServer] EstablishVssConnection
[2025-12-05 21:14:33Z INFO RunnerServer] Establish connection with 100 seconds timeout.
[2025-12-05 21:14:33Z INFO GitHubActionsService] Starting operation Location.GetConnectionData
[2025-12-05 21:14:33Z INFO RunnerServer] EstablishVssConnection
[2025-12-05 21:14:33Z INFO RunnerServer] Establish connection with 60 seconds timeout.
[2025-12-05 21:14:33Z INFO GitHubActionsService] Starting operation Location.GetConnectionData
[2025-12-05 21:14:33Z INFO RunnerServer] EstablishVssConnection
[2025-12-05 21:14:33Z INFO RunnerServer] Establish connection with 60 seconds timeout.
[2025-12-05 21:14:33Z INFO GitHubActionsService] Starting operation Location.GetConnectionData
[2025-12-05 21:14:35Z INFO GitHubActionsService] Finished operation Location.GetConnectionData
[2025-12-05 21:14:35Z INFO GitHubActionsService] Finished operation Location.GetConnectionData
[2025-12-05 21:14:35Z INFO GitHubActionsService] Finished operation Location.GetConnectionData
[2025-12-05 21:14:35Z INFO Terminal] WRITE LINE: 
[2025-12-05 21:14:35Z INFO ConfigurationManager] Test Connection complete.
[2025-12-05 21:14:35Z INFO HostContext] Well known directory 'Bin': '/home/saya/ansible-food/bin'
[2025-12-05 21:14:35Z INFO HostContext] Well known directory 'Root': '/home/saya/ansible-food'
[2025-12-05 21:14:35Z INFO HostContext] Well known config file 'RSACredentials': '/home/saya/ansible-food/.credentials_rsaparams'
[2025-12-05 21:14:35Z INFO RSAFileKeyManager] Creating new RSA key using 2048-bit key length
[2025-12-05 21:14:35Z INFO RSAFileKeyManager] Successfully saved RSA key parameters to file /home/saya/ansible-food/.credentials_rsaparams
[2025-12-05 21:14:35Z INFO RSAFileKeyManager] Which2: 'chmod'
[2025-12-05 21:14:35Z INFO RSAFileKeyManager] Location: '/usr/bin/chmod'
[2025-12-05 21:14:35Z INFO HostContext] Well known directory 'Bin': '/home/saya/ansible-food/bin'
[2025-12-05 21:14:35Z INFO HostContext] Well known directory 'Root': '/home/saya/ansible-food'
[2025-12-05 21:14:35Z INFO ProcessInvokerWrapper] Starting process:
[2025-12-05 21:14:35Z INFO ProcessInvokerWrapper]   File name: '/usr/bin/chmod'
[2025-12-05 21:14:35Z INFO ProcessInvokerWrapper]   Arguments: '600 /home/saya/ansible-food/.credentials_rsaparams'
[2025-12-05 21:14:35Z INFO ProcessInvokerWrapper]   Working directory: '/home/saya/ansible-food'
[2025-12-05 21:14:35Z INFO ProcessInvokerWrapper]   Require exit code zero: 'False'
[2025-12-05 21:14:35Z INFO ProcessInvokerWrapper]   Encoding web name:  ; code page: ''
[2025-12-05 21:14:35Z INFO ProcessInvokerWrapper]   Force kill process on cancellation: 'False'
[2025-12-05 21:14:35Z INFO ProcessInvokerWrapper]   Redirected STDIN: 'False'
[2025-12-05 21:14:35Z INFO ProcessInvokerWrapper]   Persist current code page: 'False'
[2025-12-05 21:14:35Z INFO ProcessInvokerWrapper]   Keep redirected STDIN open: 'False'
[2025-12-05 21:14:35Z INFO ProcessInvokerWrapper]   High priority process: 'False'
[2025-12-05 21:14:35Z INFO ProcessInvokerWrapper] Failed to update oom_score_adj for PID: 40274.
[2025-12-05 21:14:35Z INFO ProcessInvokerWrapper] System.IO.DirectoryNotFoundException: Could not find a part of the path '/proc/40274/oom_score_adj'.
   at Interop.ThrowExceptionForIoErrno(ErrorInfo errorInfo, String path, Boolean isDirError)
   at Microsoft.Win32.SafeHandles.SafeFileHandle.Open(String path, OpenFlags flags, Int32 mode, Boolean failForSymlink, Boolean& wasSymlink, Func`4 createOpenException)
   at Microsoft.Win32.SafeHandles.SafeFileHandle.Open(String fullPath, FileMode mode, FileAccess access, FileShare share, FileOptions options, Int64 preallocationSize, UnixFileMode openPermissions, Int64& fileLength, UnixFileMode& filePermissions, Boolean failForSymlink, Boolean& wasSymlink, Func`4 createOpenException)
   at System.IO.File.OpenHandle(String path, FileMode mode, FileAccess access, FileShare share, FileOptions options, Int64 preallocationSize)
   at System.IO.File.WriteToFile(String path, FileMode mode, String contents, Encoding encoding)
   at GitHub.Runner.Sdk.ProcessInvoker.WriteProcessOomScoreAdj(Int32 processId, Int32 oomScoreAdj)
[2025-12-05 21:14:35Z INFO ProcessInvokerWrapper] Process started with process id 40274, waiting for process exit.
[2025-12-05 21:14:35Z INFO ProcessInvokerWrapper] STDOUT/STDERR stream read finished.
[2025-12-05 21:14:35Z INFO ProcessInvokerWrapper] STDOUT/STDERR stream read finished.
[2025-12-05 21:14:35Z INFO ProcessInvokerWrapper] Finished process 40274 with exit code 0, and elapsed time 00:00:00.0144794.
[2025-12-05 21:14:35Z INFO RSAFileKeyManager] Successfully set permissions for RSA key parameters file /home/saya/ansible-food/.credentials_rsaparams
[2025-12-05 21:14:35Z INFO CommandSettings] Arg 'runnergroup': ''
[2025-12-05 21:14:35Z INFO CommandSettings] Flag 'unattended': 'False'
[2025-12-05 21:14:35Z INFO PromptManager] ReadValue
[2025-12-05 21:14:35Z INFO Terminal] WRITE: Enter the name of the runner group to add this runner to: 
[2025-12-05 21:14:35Z INFO Terminal] WRITE: [press Enter for Default] 
[2025-12-05 21:14:35Z INFO Terminal] READ LINE
[2025-12-05 21:14:38Z INFO Terminal] Read value: ''
[2025-12-05 21:14:38Z INFO PromptManager] Falling back to the default: 'Default'
[2025-12-05 21:14:38Z INFO Terminal] WRITE LINE: 
[2025-12-05 21:14:38Z INFO ConfigurationManager] Found a self-hosted runner group with id 1 and name Default
[2025-12-05 21:14:38Z INFO CommandSettings] Flag 'disableupdate': 'False'
[2025-12-05 21:14:38Z INFO CommandSettings] Flag 'ephemeral': 'False'
[2025-12-05 21:14:38Z INFO CommandSettings] Arg 'name': ''
[2025-12-05 21:14:38Z INFO CommandSettings] Flag 'unattended': 'False'
[2025-12-05 21:14:38Z INFO PromptManager] ReadValue
[2025-12-05 21:14:38Z INFO Terminal] WRITE: Enter the name of runner: 
[2025-12-05 21:14:38Z INFO Terminal] WRITE: [press Enter for saya-VirtualBox] 
[2025-12-05 21:14:38Z INFO Terminal] READ LINE
[2025-12-05 21:14:40Z INFO Terminal] Read value: ''
[2025-12-05 21:14:40Z INFO PromptManager] Falling back to the default: 'saya-VirtualBox'
[2025-12-05 21:14:40Z INFO Terminal] WRITE LINE: 
[2025-12-05 21:14:40Z INFO CommandSettings] Arg 'labels': ''
[2025-12-05 21:14:40Z INFO CommandSettings] Flag 'unattended': 'False'
[2025-12-05 21:14:40Z INFO PromptManager] ReadValue
[2025-12-05 21:14:40Z INFO Terminal] WRITE: This runner will have the following labels: 'self-hosted', 'Linux', 'X64' 
Enter any additional labels (ex. label-1,label-2): 
[2025-12-05 21:14:40Z INFO Terminal] WRITE: [press Enter to skip] 
[2025-12-05 21:14:40Z INFO Terminal] READ LINE
[2025-12-05 21:14:44Z INFO Terminal] Read value: ''
[2025-12-05 21:14:44Z INFO Terminal] WRITE LINE: 
[2025-12-05 21:14:44Z INFO CommandSettings] Flag 'disableupdate': 'False'
[2025-12-05 21:14:44Z INFO CommandSettings] Flag 'no-default-labels': 'False'
[2025-12-05 21:14:44Z INFO CommandSettings] Flag 'disableupdate': 'False'
[2025-12-05 21:14:44Z INFO CommandSettings] Flag 'ephemeral': 'False'
[2025-12-05 21:14:44Z INFO ConfigurationStore] Saving OAuth credential @ /home/saya/ansible-food/.credentials
[2025-12-05 21:14:44Z INFO ConfigurationStore] Credentials Saved.
[2025-12-05 21:14:44Z INFO ConfigurationManager] Service enforced serverUrlV2: https://broker.actions.githubusercontent.com/
[2025-12-05 21:14:44Z INFO ConfigurationManager] Service enforced useV2Flow: True
[2025-12-05 21:14:44Z INFO CommandSettings] Arg 'work': ''
[2025-12-05 21:14:44Z INFO CommandSettings] Flag 'unattended': 'False'
[2025-12-05 21:14:44Z INFO PromptManager] ReadValue
[2025-12-05 21:14:44Z INFO Terminal] WRITE: Enter name of work folder: 
[2025-12-05 21:14:44Z INFO Terminal] WRITE: [press Enter for _work] 
[2025-12-05 21:14:44Z INFO Terminal] READ LINE
[2025-12-05 21:14:46Z INFO Terminal] Read value: ''
[2025-12-05 21:14:46Z INFO PromptManager] Falling back to the default: '_work'
[2025-12-05 21:14:46Z INFO ConfigurationStore] Saving runner settings.
[2025-12-05 21:14:46Z INFO ConfigurationStore] Settings Saved.
[2025-12-05 21:14:46Z INFO Terminal] WRITE LINE: 
[2025-12-05 21:14:46Z INFO Terminal] WRITE LINE: 
[2025-12-05 21:14:46Z INFO SystemDControlManager] Service name 'actions.runner.Saayyaaaa-Linux-SIS5-Ansible.saya-VirtualBox.service' display name 'GitHub Actions Runner (Saayyaaaa-Linux-SIS5-Ansible.saya-VirtualBox)' will be used for service configuration.
[2025-12-05 21:14:46Z INFO HostContext] Well known directory 'Bin': '/home/saya/ansible-food/bin'
[2025-12-05 21:14:46Z INFO HostContext] Well known directory 'Root': '/home/saya/ansible-food'
[2025-12-05 21:14:46Z INFO HostContext] Well known directory 'Bin': '/home/saya/ansible-food/bin'
[2025-12-05 21:14:46Z INFO HostContext] Well known directory 'Bin': '/home/saya/ansible-food/bin'
[2025-12-05 21:14:46Z INFO HostContext] Well known directory 'Root': '/home/saya/ansible-food'
[2025-12-05 21:14:46Z INFO UnixUtil] Which2: 'chmod'
[2025-12-05 21:14:46Z INFO UnixUtil] Location: '/usr/bin/chmod'
[2025-12-05 21:14:46Z INFO UnixUtil] Running /usr/bin/chmod 755 "/home/saya/ansible-food/svc.sh"
[2025-12-05 21:14:46Z INFO ProcessInvokerWrapper] Starting process:
[2025-12-05 21:14:46Z INFO ProcessInvokerWrapper]   File name: '/usr/bin/chmod'
[2025-12-05 21:14:46Z INFO ProcessInvokerWrapper]   Arguments: '755 "/home/saya/ansible-food/svc.sh"'
[2025-12-05 21:14:46Z INFO ProcessInvokerWrapper]   Working directory: '/home/saya/ansible-food'
[2025-12-05 21:14:46Z INFO ProcessInvokerWrapper]   Require exit code zero: 'True'
[2025-12-05 21:14:46Z INFO ProcessInvokerWrapper]   Encoding web name:  ; code page: ''
[2025-12-05 21:14:46Z INFO ProcessInvokerWrapper]   Force kill process on cancellation: 'False'
[2025-12-05 21:14:46Z INFO ProcessInvokerWrapper]   Redirected STDIN: 'False'
[2025-12-05 21:14:46Z INFO ProcessInvokerWrapper]   Persist current code page: 'False'
[2025-12-05 21:14:46Z INFO ProcessInvokerWrapper]   Keep redirected STDIN open: 'False'
[2025-12-05 21:14:46Z INFO ProcessInvokerWrapper]   High priority process: 'False'
[2025-12-05 21:14:46Z INFO ProcessInvokerWrapper] Updated oom_score_adj to 500 for PID: 40316.
[2025-12-05 21:14:46Z INFO ProcessInvokerWrapper] Process started with process id 40316, waiting for process exit.
[2025-12-05 21:14:46Z INFO ProcessInvokerWrapper] STDOUT/STDERR stream read finished.
[2025-12-05 21:14:46Z INFO ProcessInvokerWrapper] STDOUT/STDERR stream read finished.
[2025-12-05 21:14:46Z INFO ProcessInvokerWrapper] Finished process 40316 with exit code 0, and elapsed time 00:00:00.0064457.
[2025-12-05 21:14:46Z INFO Listener] Runner execution has finished with return code 0
